mode: set
github.com/dishflow/backend/internal/handler/auth.go:27.113,33.2 1 1
github.com/dishflow/backend/internal/handler/auth.go:60.73,62.61 2 1
github.com/dishflow/backend/internal/handler/auth.go:62.61,65.3 1 0
github.com/dishflow/backend/internal/handler/auth.go:68.2,69.20 2 1
github.com/dishflow/backend/internal/handler/auth.go:69.20,71.3 1 1
github.com/dishflow/backend/internal/handler/auth.go:74.2,75.16 2 1
github.com/dishflow/backend/internal/handler/auth.go:75.16,78.3 2 1
github.com/dishflow/backend/internal/handler/auth.go:81.2,81.11 1 1
github.com/dishflow/backend/internal/handler/auth.go:81.11,82.77 1 1
github.com/dishflow/backend/internal/handler/auth.go:82.78,84.4 0 0
github.com/dishflow/backend/internal/handler/auth.go:88.2,89.16 2 1
github.com/dishflow/backend/internal/handler/auth.go:89.16,92.3 2 0
github.com/dishflow/backend/internal/handler/auth.go:94.2,109.22 2 1
github.com/dishflow/backend/internal/handler/auth.go:120.72,122.61 2 1
github.com/dishflow/backend/internal/handler/auth.go:122.61,125.3 2 0
github.com/dishflow/backend/internal/handler/auth.go:128.2,128.58 1 1
github.com/dishflow/backend/internal/handler/auth.go:128.58,131.3 2 0
github.com/dishflow/backend/internal/handler/auth.go:134.2,134.27 1 1
github.com/dishflow/backend/internal/handler/auth.go:134.27,137.3 2 0
github.com/dishflow/backend/internal/handler/auth.go:140.2,141.16 2 1
github.com/dishflow/backend/internal/handler/auth.go:141.16,144.3 2 0
github.com/dishflow/backend/internal/handler/auth.go:147.2,157.61 2 1
github.com/dishflow/backend/internal/handler/auth.go:157.61,158.43 1 0
github.com/dishflow/backend/internal/handler/auth.go:158.43,161.4 2 0
github.com/dishflow/backend/internal/handler/auth.go:162.3,163.9 2 0
github.com/dishflow/backend/internal/handler/auth.go:167.2,171.16 3 1
github.com/dishflow/backend/internal/handler/auth.go:171.16,174.3 2 0
github.com/dishflow/backend/internal/handler/auth.go:176.2,190.27 2 1
github.com/dishflow/backend/internal/handler/auth.go:209.69,211.61 2 1
github.com/dishflow/backend/internal/handler/auth.go:211.61,214.3 2 0
github.com/dishflow/backend/internal/handler/auth.go:217.2,217.43 1 1
github.com/dishflow/backend/internal/handler/auth.go:217.43,220.3 2 0
github.com/dishflow/backend/internal/handler/auth.go:223.2,224.16 2 1
github.com/dishflow/backend/internal/handler/auth.go:224.16,225.38 1 0
github.com/dishflow/backend/internal/handler/auth.go:225.38,228.4 2 0
github.com/dishflow/backend/internal/handler/auth.go:229.3,230.9 2 0
github.com/dishflow/backend/internal/handler/auth.go:234.2,234.30 1 1
github.com/dishflow/backend/internal/handler/auth.go:234.30,237.3 2 0
github.com/dishflow/backend/internal/handler/auth.go:239.2,239.104 1 1
github.com/dishflow/backend/internal/handler/auth.go:239.104,242.3 2 1
github.com/dishflow/backend/internal/handler/auth.go:245.2,246.23 2 1
github.com/dishflow/backend/internal/handler/auth.go:246.23,248.3 1 1
github.com/dishflow/backend/internal/handler/auth.go:250.2,251.16 2 1
github.com/dishflow/backend/internal/handler/auth.go:251.16,254.3 2 0
github.com/dishflow/backend/internal/handler/auth.go:256.2,270.22 2 1
github.com/dishflow/backend/internal/handler/auth.go:287.71,289.61 2 0
github.com/dishflow/backend/internal/handler/auth.go:289.61,292.3 2 0
github.com/dishflow/backend/internal/handler/auth.go:294.2,294.28 1 0
github.com/dishflow/backend/internal/handler/auth.go:294.28,297.3 2 0
github.com/dishflow/backend/internal/handler/auth.go:300.2,301.16 2 0
github.com/dishflow/backend/internal/handler/auth.go:301.16,302.34 1 0
github.com/dishflow/backend/internal/handler/auth.go:302.34,305.4 2 0
github.com/dishflow/backend/internal/handler/auth.go:306.3,307.9 2 0
github.com/dishflow/backend/internal/handler/auth.go:311.2,312.16 2 0
github.com/dishflow/backend/internal/handler/auth.go:312.16,315.3 2 0
github.com/dishflow/backend/internal/handler/auth.go:318.2,319.23 2 0
github.com/dishflow/backend/internal/handler/auth.go:319.23,321.3 1 0
github.com/dishflow/backend/internal/handler/auth.go:323.2,324.16 2 0
github.com/dishflow/backend/internal/handler/auth.go:324.16,327.3 2 0
github.com/dishflow/backend/internal/handler/auth.go:329.2,336.22 2 0
github.com/dishflow/backend/internal/handler/auth.go:346.70,349.19 2 0
github.com/dishflow/backend/internal/handler/auth.go:349.19,352.3 2 0
github.com/dishflow/backend/internal/handler/auth.go:355.2,359.48 3 0
github.com/dishflow/backend/internal/handler/auth.go:359.48,362.30 2 0
github.com/dishflow/backend/internal/handler/auth.go:362.30,364.4 1 0
github.com/dishflow/backend/internal/handler/auth.go:364.9,367.4 1 0
github.com/dishflow/backend/internal/handler/auth.go:369.3,369.86 1 0
github.com/dishflow/backend/internal/handler/auth.go:369.87,372.4 0 0
github.com/dishflow/backend/internal/handler/auth.go:375.3,375.29 1 0
github.com/dishflow/backend/internal/handler/auth.go:375.29,377.44 2 0
github.com/dishflow/backend/internal/handler/auth.go:377.44,379.39 2 0
github.com/dishflow/backend/internal/handler/auth.go:379.39,381.6 1 0
github.com/dishflow/backend/internal/handler/auth.go:381.11,383.6 1 0
github.com/dishflow/backend/internal/handler/auth.go:384.5,384.79 1 0
github.com/dishflow/backend/internal/handler/auth.go:389.3,389.20 1 0
github.com/dishflow/backend/internal/handler/auth.go:389.20,396.4 1 0
github.com/dishflow/backend/internal/handler/auth.go:399.2,399.23 1 0
github.com/dishflow/backend/internal/handler/auth.go:403.66,405.19 2 0
github.com/dishflow/backend/internal/handler/auth.go:405.19,408.3 2 0
github.com/dishflow/backend/internal/handler/auth.go:410.2,411.16 2 0
github.com/dishflow/backend/internal/handler/auth.go:411.16,412.38 1 0
github.com/dishflow/backend/internal/handler/auth.go:412.38,415.4 2 0
github.com/dishflow/backend/internal/handler/auth.go:416.3,417.9 2 0
github.com/dishflow/backend/internal/handler/auth.go:421.2,422.16 2 0
github.com/dishflow/backend/internal/handler/auth.go:422.16,427.3 1 0
github.com/dishflow/backend/internal/handler/auth.go:429.2,445.35 3 0
github.com/dishflow/backend/internal/handler/auth.go:445.35,448.3 2 0
github.com/dishflow/backend/internal/handler/auth.go:450.2,450.22 1 0
github.com/dishflow/backend/internal/handler/auth.go:453.34,454.13 1 1
github.com/dishflow/backend/internal/handler/auth.go:454.13,456.3 1 0
github.com/dishflow/backend/internal/handler/auth.go:457.2,457.11 1 1
github.com/dishflow/backend/internal/handler/extraction.go:29.115,34.2 1 0
github.com/dishflow/backend/internal/handler/extraction.go:51.84,53.19 2 0
github.com/dishflow/backend/internal/handler/extraction.go:53.19,56.3 2 0
github.com/dishflow/backend/internal/handler/extraction.go:58.2,59.61 2 0
github.com/dishflow/backend/internal/handler/extraction.go:59.61,62.3 2 0
github.com/dishflow/backend/internal/handler/extraction.go:65.2,65.19 1 0
github.com/dishflow/backend/internal/handler/extraction.go:65.19,68.3 2 0
github.com/dishflow/backend/internal/handler/extraction.go:70.2,71.79 2 0
github.com/dishflow/backend/internal/handler/extraction.go:71.79,74.3 2 0
github.com/dishflow/backend/internal/handler/extraction.go:77.2,77.65 1 0
github.com/dishflow/backend/internal/handler/extraction.go:77.65,81.3 2 0
github.com/dishflow/backend/internal/handler/extraction.go:84.2,85.16 2 0
github.com/dishflow/backend/internal/handler/extraction.go:85.16,89.3 2 0
github.com/dishflow/backend/internal/handler/extraction.go:92.2,92.56 1 0
github.com/dishflow/backend/internal/handler/extraction.go:92.56,96.3 2 0
github.com/dishflow/backend/internal/handler/extraction.go:99.2,100.34 2 0
github.com/dishflow/backend/internal/handler/extraction.go:100.34,102.3 1 0
github.com/dishflow/backend/internal/handler/extraction.go:104.2,110.18 2 0
github.com/dishflow/backend/internal/handler/extraction.go:110.18,112.17 2 0
github.com/dishflow/backend/internal/handler/extraction.go:112.17,114.4 1 0
github.com/dishflow/backend/internal/handler/extraction.go:117.2,117.22 1 0
github.com/dishflow/backend/internal/handler/extraction.go:137.86,139.19 2 0
github.com/dishflow/backend/internal/handler/extraction.go:139.19,142.3 2 0
github.com/dishflow/backend/internal/handler/extraction.go:144.2,151.59 5 0
github.com/dishflow/backend/internal/handler/extraction.go:151.59,153.56 1 0
github.com/dishflow/backend/internal/handler/extraction.go:153.56,156.4 2 0
github.com/dishflow/backend/internal/handler/extraction.go:158.3,159.17 2 0
github.com/dishflow/backend/internal/handler/extraction.go:159.17,162.4 2 0
github.com/dishflow/backend/internal/handler/extraction.go:163.3,167.17 3 0
github.com/dishflow/backend/internal/handler/extraction.go:167.17,170.4 2 0
github.com/dishflow/backend/internal/handler/extraction.go:173.3,174.21 2 0
github.com/dishflow/backend/internal/handler/extraction.go:174.21,176.4 1 0
github.com/dishflow/backend/internal/handler/extraction.go:178.3,178.47 1 0
github.com/dishflow/backend/internal/handler/extraction.go:180.8,180.63 1 0
github.com/dishflow/backend/internal/handler/extraction.go:180.63,183.62 2 0
github.com/dishflow/backend/internal/handler/extraction.go:183.62,186.4 2 0
github.com/dishflow/backend/internal/handler/extraction.go:188.3,188.28 1 0
github.com/dishflow/backend/internal/handler/extraction.go:188.28,191.4 2 0
github.com/dishflow/backend/internal/handler/extraction.go:194.3,196.17 3 0
github.com/dishflow/backend/internal/handler/extraction.go:196.17,199.4 2 0
github.com/dishflow/backend/internal/handler/extraction.go:201.3,202.21 2 0
github.com/dishflow/backend/internal/handler/extraction.go:202.21,204.4 1 0
github.com/dishflow/backend/internal/handler/extraction.go:205.3,205.26 1 0
github.com/dishflow/backend/internal/handler/extraction.go:206.8,209.3 2 0
github.com/dishflow/backend/internal/handler/extraction.go:212.2,212.25 1 0
github.com/dishflow/backend/internal/handler/extraction.go:212.25,215.3 2 0
github.com/dishflow/backend/internal/handler/extraction.go:218.2,218.35 1 0
github.com/dishflow/backend/internal/handler/extraction.go:218.35,221.3 2 0
github.com/dishflow/backend/internal/handler/extraction.go:224.2,230.27 2 0
github.com/dishflow/backend/internal/handler/extraction.go:230.27,233.3 2 0
github.com/dishflow/backend/internal/handler/extraction.go:236.2,236.65 1 0
github.com/dishflow/backend/internal/handler/extraction.go:236.65,240.3 2 0
github.com/dishflow/backend/internal/handler/extraction.go:243.2,244.16 2 0
github.com/dishflow/backend/internal/handler/extraction.go:244.16,248.3 2 0
github.com/dishflow/backend/internal/handler/extraction.go:251.2,251.56 1 0
github.com/dishflow/backend/internal/handler/extraction.go:251.56,255.3 2 0
github.com/dishflow/backend/internal/handler/extraction.go:258.2,259.34 2 0
github.com/dishflow/backend/internal/handler/extraction.go:259.34,261.3 1 0
github.com/dishflow/backend/internal/handler/extraction.go:263.2,269.14 2 0
github.com/dishflow/backend/internal/handler/extraction.go:269.14,271.17 2 0
github.com/dishflow/backend/internal/handler/extraction.go:271.17,273.4 1 0
github.com/dishflow/backend/internal/handler/extraction.go:276.2,276.22 1 0
github.com/dishflow/backend/internal/handler/extraction.go:280.159,300.41 2 0
github.com/dishflow/backend/internal/handler/extraction.go:300.41,313.3 2 0
github.com/dishflow/backend/internal/handler/extraction.go:316.2,316.36 1 0
github.com/dishflow/backend/internal/handler/extraction.go:316.36,326.3 1 0
github.com/dishflow/backend/internal/handler/extraction.go:328.2,328.65 1 0
github.com/dishflow/backend/internal/handler/extraction.go:328.65,330.3 1 0
github.com/dishflow/backend/internal/handler/extraction.go:332.2,332.32 1 0
github.com/dishflow/backend/internal/handler/extraction.go:336.39,337.13 1 0
github.com/dishflow/backend/internal/handler/extraction.go:337.13,339.3 1 0
github.com/dishflow/backend/internal/handler/extraction.go:341.2,343.16 3 0
github.com/dishflow/backend/internal/handler/extraction.go:343.16,346.79 2 0
github.com/dishflow/backend/internal/handler/extraction.go:346.79,349.4 2 0
github.com/dishflow/backend/internal/handler/extraction.go:350.3,350.13 1 0
github.com/dishflow/backend/internal/handler/extraction.go:352.2,352.11 1 0
github.com/dishflow/backend/internal/handler/extraction.go:356.41,357.19 1 0
github.com/dishflow/backend/internal/handler/extraction.go:357.19,359.3 1 0
github.com/dishflow/backend/internal/handler/extraction.go:362.2,362.59 1 0
github.com/dishflow/backend/internal/handler/extraction.go:362.59,364.3 1 0
github.com/dishflow/backend/internal/handler/extraction.go:365.2,365.78 1 0
github.com/dishflow/backend/internal/handler/extraction.go:365.78,367.3 1 0
github.com/dishflow/backend/internal/handler/extraction.go:368.2,368.84 1 0
github.com/dishflow/backend/internal/handler/extraction.go:368.84,370.3 1 0
github.com/dishflow/backend/internal/handler/extraction.go:371.2,371.61 1 0
github.com/dishflow/backend/internal/handler/extraction.go:371.61,373.3 1 0
github.com/dishflow/backend/internal/handler/extraction.go:375.2,375.35 1 0
github.com/dishflow/backend/internal/handler/extraction.go:379.25,380.12 1 0
github.com/dishflow/backend/internal/handler/extraction.go:380.12,382.3 1 0
github.com/dishflow/backend/internal/handler/extraction.go:383.2,383.11 1 0
github.com/dishflow/backend/internal/handler/health.go:21.71,26.2 1 1
github.com/dishflow/backend/internal/handler/health.go:42.72,47.2 1 1
github.com/dishflow/backend/internal/handler/health.go:50.71,58.17 5 1
github.com/dishflow/backend/internal/handler/health.go:58.17,59.47 1 0
github.com/dishflow/backend/internal/handler/health.go:59.47,62.4 2 0
github.com/dishflow/backend/internal/handler/health.go:62.9,64.4 1 0
github.com/dishflow/backend/internal/handler/health.go:65.8,67.3 1 1
github.com/dishflow/backend/internal/handler/health.go:70.2,70.20 1 1
github.com/dishflow/backend/internal/handler/health.go:70.20,71.49 1 1
github.com/dishflow/backend/internal/handler/health.go:71.49,74.4 2 1
github.com/dishflow/backend/internal/handler/health.go:74.9,76.4 1 1
github.com/dishflow/backend/internal/handler/health.go:77.8,79.3 1 1
github.com/dishflow/backend/internal/handler/health.go:82.2,87.17 4 1
github.com/dishflow/backend/internal/handler/health.go:87.17,90.3 2 1
github.com/dishflow/backend/internal/handler/health.go:92.2,97.4 2 1
github.com/dishflow/backend/internal/handler/health.go:108.70,120.2 1 1
github.com/dishflow/backend/internal/handler/pantry.go:22.61,24.2 1 1
github.com/dishflow/backend/internal/handler/pantry.go:27.70,30.19 3 1
github.com/dishflow/backend/internal/handler/pantry.go:30.19,33.3 2 0
github.com/dishflow/backend/internal/handler/pantry.go:36.2,38.20 3 1
github.com/dishflow/backend/internal/handler/pantry.go:38.20,40.3 1 0
github.com/dishflow/backend/internal/handler/pantry.go:42.2,43.16 2 1
github.com/dishflow/backend/internal/handler/pantry.go:43.16,46.3 2 0
github.com/dishflow/backend/internal/handler/pantry.go:48.2,51.4 1 1
github.com/dishflow/backend/internal/handler/pantry.go:55.69,58.19 3 0
github.com/dishflow/backend/internal/handler/pantry.go:58.19,61.3 2 0
github.com/dishflow/backend/internal/handler/pantry.go:63.2,65.16 3 0
github.com/dishflow/backend/internal/handler/pantry.go:65.16,68.3 2 0
github.com/dishflow/backend/internal/handler/pantry.go:70.2,71.30 2 0
github.com/dishflow/backend/internal/handler/pantry.go:71.30,74.3 2 0
github.com/dishflow/backend/internal/handler/pantry.go:75.2,75.16 1 0
github.com/dishflow/backend/internal/handler/pantry.go:75.16,78.3 2 0
github.com/dishflow/backend/internal/handler/pantry.go:80.2,80.22 1 0
github.com/dishflow/backend/internal/handler/pantry.go:84.72,87.19 3 0
github.com/dishflow/backend/internal/handler/pantry.go:87.19,90.3 2 0
github.com/dishflow/backend/internal/handler/pantry.go:92.2,93.63 2 0
github.com/dishflow/backend/internal/handler/pantry.go:93.63,96.3 2 0
github.com/dishflow/backend/internal/handler/pantry.go:98.2,98.41 1 0
github.com/dishflow/backend/internal/handler/pantry.go:98.41,99.50 1 0
github.com/dishflow/backend/internal/handler/pantry.go:99.50,102.4 2 0
github.com/dishflow/backend/internal/handler/pantry.go:103.3,104.9 2 0
github.com/dishflow/backend/internal/handler/pantry.go:107.2,108.16 2 0
github.com/dishflow/backend/internal/handler/pantry.go:108.16,111.3 2 0
github.com/dishflow/backend/internal/handler/pantry.go:113.2,113.27 1 0
github.com/dishflow/backend/internal/handler/pantry.go:117.72,120.19 3 0
github.com/dishflow/backend/internal/handler/pantry.go:120.19,123.3 2 0
github.com/dishflow/backend/internal/handler/pantry.go:125.2,127.16 3 0
github.com/dishflow/backend/internal/handler/pantry.go:127.16,130.3 2 0
github.com/dishflow/backend/internal/handler/pantry.go:132.2,133.63 2 0
github.com/dishflow/backend/internal/handler/pantry.go:133.63,136.3 2 0
github.com/dishflow/backend/internal/handler/pantry.go:138.2,138.41 1 0
github.com/dishflow/backend/internal/handler/pantry.go:138.41,139.50 1 0
github.com/dishflow/backend/internal/handler/pantry.go:139.50,142.4 2 0
github.com/dishflow/backend/internal/handler/pantry.go:143.3,144.9 2 0
github.com/dishflow/backend/internal/handler/pantry.go:147.2,148.30 2 0
github.com/dishflow/backend/internal/handler/pantry.go:148.30,151.3 2 0
github.com/dishflow/backend/internal/handler/pantry.go:152.2,152.16 1 0
github.com/dishflow/backend/internal/handler/pantry.go:152.16,155.3 2 0
github.com/dishflow/backend/internal/handler/pantry.go:157.2,157.22 1 0
github.com/dishflow/backend/internal/handler/pantry.go:161.72,164.19 3 0
github.com/dishflow/backend/internal/handler/pantry.go:164.19,167.3 2 0
github.com/dishflow/backend/internal/handler/pantry.go:169.2,171.16 3 0
github.com/dishflow/backend/internal/handler/pantry.go:171.16,174.3 2 0
github.com/dishflow/backend/internal/handler/pantry.go:176.2,177.30 2 0
github.com/dishflow/backend/internal/handler/pantry.go:177.30,180.3 2 0
github.com/dishflow/backend/internal/handler/pantry.go:181.2,181.16 1 0
github.com/dishflow/backend/internal/handler/pantry.go:181.16,184.3 2 0
github.com/dishflow/backend/internal/handler/pantry.go:186.2,186.23 1 0
github.com/dishflow/backend/internal/handler/pantry.go:190.77,193.19 3 0
github.com/dishflow/backend/internal/handler/pantry.go:193.19,196.3 2 0
github.com/dishflow/backend/internal/handler/pantry.go:199.2,200.57 2 0
github.com/dishflow/backend/internal/handler/pantry.go:200.57,201.71 1 0
github.com/dishflow/backend/internal/handler/pantry.go:201.71,203.4 1 0
github.com/dishflow/backend/internal/handler/pantry.go:206.2,207.16 2 0
github.com/dishflow/backend/internal/handler/pantry.go:207.16,210.3 2 0
github.com/dishflow/backend/internal/handler/pantry.go:212.2,216.4 1 0
github.com/dishflow/backend/internal/handler/recipes.go:21.61,23.2 1 1
github.com/dishflow/backend/internal/handler/recipes.go:26.72,28.19 2 0
github.com/dishflow/backend/internal/handler/recipes.go:28.19,31.3 2 0
github.com/dishflow/backend/internal/handler/recipes.go:33.2,34.61 2 0
github.com/dishflow/backend/internal/handler/recipes.go:34.61,37.3 2 0
github.com/dishflow/backend/internal/handler/recipes.go:40.2,40.21 1 0
github.com/dishflow/backend/internal/handler/recipes.go:40.21,43.3 2 0
github.com/dishflow/backend/internal/handler/recipes.go:46.2,49.24 2 0
github.com/dishflow/backend/internal/handler/recipes.go:49.24,51.3 1 0
github.com/dishflow/backend/internal/handler/recipes.go:53.2,53.57 1 0
github.com/dishflow/backend/internal/handler/recipes.go:53.57,56.3 2 0
github.com/dishflow/backend/internal/handler/recipes.go:58.2,58.26 1 0
github.com/dishflow/backend/internal/handler/recipes.go:62.70,64.19 2 1
github.com/dishflow/backend/internal/handler/recipes.go:64.19,67.3 2 1
github.com/dishflow/backend/internal/handler/recipes.go:70.2,73.46 3 1
github.com/dishflow/backend/internal/handler/recipes.go:73.46,74.70 1 0
github.com/dishflow/backend/internal/handler/recipes.go:74.70,76.4 1 0
github.com/dishflow/backend/internal/handler/recipes.go:79.2,79.47 1 1
github.com/dishflow/backend/internal/handler/recipes.go:79.47,80.58 1 0
github.com/dishflow/backend/internal/handler/recipes.go:80.58,82.4 1 0
github.com/dishflow/backend/internal/handler/recipes.go:85.2,86.16 2 1
github.com/dishflow/backend/internal/handler/recipes.go:86.16,89.3 2 1
github.com/dishflow/backend/internal/handler/recipes.go:92.2,92.20 1 1
github.com/dishflow/backend/internal/handler/recipes.go:92.20,94.3 1 0
github.com/dishflow/backend/internal/handler/recipes.go:96.2,101.4 1 1
github.com/dishflow/backend/internal/handler/recipes.go:105.69,107.19 2 1
github.com/dishflow/backend/internal/handler/recipes.go:107.19,110.3 2 0
github.com/dishflow/backend/internal/handler/recipes.go:112.2,114.16 3 1
github.com/dishflow/backend/internal/handler/recipes.go:114.16,117.3 2 0
github.com/dishflow/backend/internal/handler/recipes.go:119.2,120.16 2 1
github.com/dishflow/backend/internal/handler/recipes.go:120.16,121.40 1 0
github.com/dishflow/backend/internal/handler/recipes.go:121.40,124.4 2 0
github.com/dishflow/backend/internal/handler/recipes.go:125.3,126.9 2 0
github.com/dishflow/backend/internal/handler/recipes.go:130.2,130.36 1 1
github.com/dishflow/backend/internal/handler/recipes.go:130.36,133.3 2 1
github.com/dishflow/backend/internal/handler/recipes.go:135.2,135.24 1 1
github.com/dishflow/backend/internal/handler/recipes.go:139.72,141.19 2 0
github.com/dishflow/backend/internal/handler/recipes.go:141.19,144.3 2 0
github.com/dishflow/backend/internal/handler/recipes.go:146.2,148.16 3 0
github.com/dishflow/backend/internal/handler/recipes.go:148.16,151.3 2 0
github.com/dishflow/backend/internal/handler/recipes.go:154.2,155.16 2 0
github.com/dishflow/backend/internal/handler/recipes.go:155.16,156.40 1 0
github.com/dishflow/backend/internal/handler/recipes.go:156.40,159.4 2 0
github.com/dishflow/backend/internal/handler/recipes.go:160.3,161.9 2 0
github.com/dishflow/backend/internal/handler/recipes.go:164.2,164.38 1 0
github.com/dishflow/backend/internal/handler/recipes.go:164.38,167.3 2 0
github.com/dishflow/backend/internal/handler/recipes.go:169.2,170.61 2 0
github.com/dishflow/backend/internal/handler/recipes.go:170.61,173.3 2 0
github.com/dishflow/backend/internal/handler/recipes.go:176.2,179.57 3 0
github.com/dishflow/backend/internal/handler/recipes.go:179.57,182.3 2 0
github.com/dishflow/backend/internal/handler/recipes.go:185.2,186.16 2 0
github.com/dishflow/backend/internal/handler/recipes.go:186.16,189.3 2 0
github.com/dishflow/backend/internal/handler/recipes.go:191.2,191.25 1 0
github.com/dishflow/backend/internal/handler/recipes.go:195.72,197.19 2 0
github.com/dishflow/backend/internal/handler/recipes.go:197.19,200.3 2 0
github.com/dishflow/backend/internal/handler/recipes.go:202.2,204.16 3 0
github.com/dishflow/backend/internal/handler/recipes.go:204.16,207.3 2 0
github.com/dishflow/backend/internal/handler/recipes.go:210.2,211.16 2 0
github.com/dishflow/backend/internal/handler/recipes.go:211.16,212.40 1 0
github.com/dishflow/backend/internal/handler/recipes.go:212.40,215.4 2 0
github.com/dishflow/backend/internal/handler/recipes.go:216.3,217.9 2 0
github.com/dishflow/backend/internal/handler/recipes.go:220.2,220.38 1 0
github.com/dishflow/backend/internal/handler/recipes.go:220.38,223.3 2 0
github.com/dishflow/backend/internal/handler/recipes.go:225.2,225.59 1 0
github.com/dishflow/backend/internal/handler/recipes.go:225.59,228.3 2 0
github.com/dishflow/backend/internal/handler/recipes.go:230.2,230.23 1 0
github.com/dishflow/backend/internal/handler/recipes.go:234.80,236.19 2 0
github.com/dishflow/backend/internal/handler/recipes.go:236.19,239.3 2 0
github.com/dishflow/backend/internal/handler/recipes.go:241.2,243.16 3 0
github.com/dishflow/backend/internal/handler/recipes.go:243.16,246.3 2 0
github.com/dishflow/backend/internal/handler/recipes.go:248.2,251.61 2 0
github.com/dishflow/backend/internal/handler/recipes.go:251.61,254.3 2 0
github.com/dishflow/backend/internal/handler/recipes.go:256.2,257.16 2 0
github.com/dishflow/backend/internal/handler/recipes.go:257.16,258.40 1 0
github.com/dishflow/backend/internal/handler/recipes.go:258.40,261.4 2 0
github.com/dishflow/backend/internal/handler/recipes.go:262.3,263.9 2 0
github.com/dishflow/backend/internal/handler/recipes.go:266.2,266.38 1 0
github.com/dishflow/backend/internal/handler/recipes.go:266.38,269.3 2 0
github.com/dishflow/backend/internal/handler/recipes.go:271.2,271.76 1 0
github.com/dishflow/backend/internal/handler/recipes.go:271.76,274.3 2 0
github.com/dishflow/backend/internal/handler/recipes.go:276.2,279.4 1 0
github.com/dishflow/backend/internal/handler/shopping.go:26.139,32.2 1 1
github.com/dishflow/backend/internal/handler/shopping.go:37.77,40.19 3 1
github.com/dishflow/backend/internal/handler/shopping.go:40.19,43.3 2 0
github.com/dishflow/backend/internal/handler/shopping.go:45.2,48.16 3 1
github.com/dishflow/backend/internal/handler/shopping.go:48.16,51.3 2 0
github.com/dishflow/backend/internal/handler/shopping.go:53.2,56.4 1 1
github.com/dishflow/backend/internal/handler/shopping.go:60.75,63.19 3 0
github.com/dishflow/backend/internal/handler/shopping.go:63.19,66.3 2 0
github.com/dishflow/backend/internal/handler/shopping.go:68.2,70.16 3 0
github.com/dishflow/backend/internal/handler/shopping.go:70.16,73.3 2 0
github.com/dishflow/backend/internal/handler/shopping.go:76.2,78.18 2 0
github.com/dishflow/backend/internal/handler/shopping.go:78.18,80.31 2 0
github.com/dishflow/backend/internal/handler/shopping.go:80.31,83.4 2 0
github.com/dishflow/backend/internal/handler/shopping.go:84.3,84.17 1 0
github.com/dishflow/backend/internal/handler/shopping.go:84.17,87.4 2 0
github.com/dishflow/backend/internal/handler/shopping.go:88.3,88.32 1 0
github.com/dishflow/backend/internal/handler/shopping.go:89.8,91.31 2 0
github.com/dishflow/backend/internal/handler/shopping.go:91.31,94.4 2 0
github.com/dishflow/backend/internal/handler/shopping.go:95.3,95.17 1 0
github.com/dishflow/backend/internal/handler/shopping.go:95.17,98.4 2 0
github.com/dishflow/backend/internal/handler/shopping.go:99.3,99.23 1 0
github.com/dishflow/backend/internal/handler/shopping.go:104.78,107.19 3 0
github.com/dishflow/backend/internal/handler/shopping.go:107.19,110.3 2 0
github.com/dishflow/backend/internal/handler/shopping.go:112.2,113.63 2 0
github.com/dishflow/backend/internal/handler/shopping.go:113.63,116.3 2 0
github.com/dishflow/backend/internal/handler/shopping.go:118.2,118.41 1 0
github.com/dishflow/backend/internal/handler/shopping.go:118.41,119.50 1 0
github.com/dishflow/backend/internal/handler/shopping.go:119.50,122.4 2 0
github.com/dishflow/backend/internal/handler/shopping.go:123.3,124.9 2 0
github.com/dishflow/backend/internal/handler/shopping.go:127.2,128.16 2 0
github.com/dishflow/backend/internal/handler/shopping.go:128.16,131.3 2 0
github.com/dishflow/backend/internal/handler/shopping.go:133.2,133.27 1 0
github.com/dishflow/backend/internal/handler/shopping.go:137.78,140.19 3 0
github.com/dishflow/backend/internal/handler/shopping.go:140.19,143.3 2 0
github.com/dishflow/backend/internal/handler/shopping.go:145.2,147.16 3 0
github.com/dishflow/backend/internal/handler/shopping.go:147.16,150.3 2 0
github.com/dishflow/backend/internal/handler/shopping.go:152.2,153.63 2 0
github.com/dishflow/backend/internal/handler/shopping.go:153.63,156.3 2 0
github.com/dishflow/backend/internal/handler/shopping.go:158.2,158.41 1 0
github.com/dishflow/backend/internal/handler/shopping.go:158.41,159.50 1 0
github.com/dishflow/backend/internal/handler/shopping.go:159.50,162.4 2 0
github.com/dishflow/backend/internal/handler/shopping.go:163.3,164.9 2 0
github.com/dishflow/backend/internal/handler/shopping.go:167.2,168.30 2 0
github.com/dishflow/backend/internal/handler/shopping.go:168.30,171.3 2 0
github.com/dishflow/backend/internal/handler/shopping.go:172.2,172.16 1 0
github.com/dishflow/backend/internal/handler/shopping.go:172.16,175.3 2 0
github.com/dishflow/backend/internal/handler/shopping.go:177.2,177.22 1 0
github.com/dishflow/backend/internal/handler/shopping.go:181.78,184.19 3 0
github.com/dishflow/backend/internal/handler/shopping.go:184.19,187.3 2 0
github.com/dishflow/backend/internal/handler/shopping.go:189.2,191.16 3 0
github.com/dishflow/backend/internal/handler/shopping.go:191.16,194.3 2 0
github.com/dishflow/backend/internal/handler/shopping.go:196.2,197.30 2 0
github.com/dishflow/backend/internal/handler/shopping.go:197.30,200.3 2 0
github.com/dishflow/backend/internal/handler/shopping.go:201.2,201.16 1 0
github.com/dishflow/backend/internal/handler/shopping.go:201.16,204.3 2 0
github.com/dishflow/backend/internal/handler/shopping.go:206.2,206.23 1 0
github.com/dishflow/backend/internal/handler/shopping.go:210.79,213.19 3 0
github.com/dishflow/backend/internal/handler/shopping.go:213.19,216.3 2 0
github.com/dishflow/backend/internal/handler/shopping.go:218.2,220.16 3 0
github.com/dishflow/backend/internal/handler/shopping.go:220.16,223.3 2 0
github.com/dishflow/backend/internal/handler/shopping.go:225.2,226.30 2 0
github.com/dishflow/backend/internal/handler/shopping.go:226.30,229.3 2 0
github.com/dishflow/backend/internal/handler/shopping.go:230.2,230.16 1 0
github.com/dishflow/backend/internal/handler/shopping.go:230.16,233.3 2 0
github.com/dishflow/backend/internal/handler/shopping.go:235.2,235.23 1 0
github.com/dishflow/backend/internal/handler/shopping.go:241.77,244.19 3 0
github.com/dishflow/backend/internal/handler/shopping.go:244.19,247.3 2 0
github.com/dishflow/backend/internal/handler/shopping.go:249.2,251.16 3 0
github.com/dishflow/backend/internal/handler/shopping.go:251.16,254.3 2 0
github.com/dishflow/backend/internal/handler/shopping.go:257.2,258.30 2 0
github.com/dishflow/backend/internal/handler/shopping.go:258.30,261.3 2 0
github.com/dishflow/backend/internal/handler/shopping.go:262.2,262.16 1 0
github.com/dishflow/backend/internal/handler/shopping.go:262.16,265.3 2 0
github.com/dishflow/backend/internal/handler/shopping.go:267.2,268.16 2 0
github.com/dishflow/backend/internal/handler/shopping.go:268.16,271.3 2 0
github.com/dishflow/backend/internal/handler/shopping.go:273.2,276.4 1 0
github.com/dishflow/backend/internal/handler/shopping.go:280.78,283.19 3 0
github.com/dishflow/backend/internal/handler/shopping.go:283.19,286.3 2 0
github.com/dishflow/backend/internal/handler/shopping.go:288.2,290.16 3 0
github.com/dishflow/backend/internal/handler/shopping.go:290.16,293.3 2 0
github.com/dishflow/backend/internal/handler/shopping.go:296.2,297.30 2 0
github.com/dishflow/backend/internal/handler/shopping.go:297.30,300.3 2 0
github.com/dishflow/backend/internal/handler/shopping.go:301.2,301.16 1 0
github.com/dishflow/backend/internal/handler/shopping.go:301.16,304.3 2 0
github.com/dishflow/backend/internal/handler/shopping.go:306.2,307.63 2 0
github.com/dishflow/backend/internal/handler/shopping.go:307.63,310.3 2 0
github.com/dishflow/backend/internal/handler/shopping.go:312.2,312.41 1 0
github.com/dishflow/backend/internal/handler/shopping.go:312.41,313.50 1 0
github.com/dishflow/backend/internal/handler/shopping.go:313.50,316.4 2 0
github.com/dishflow/backend/internal/handler/shopping.go:317.3,318.9 2 0
github.com/dishflow/backend/internal/handler/shopping.go:321.2,322.16 2 0
github.com/dishflow/backend/internal/handler/shopping.go:322.16,325.3 2 0
github.com/dishflow/backend/internal/handler/shopping.go:327.2,327.27 1 0
github.com/dishflow/backend/internal/handler/shopping.go:331.78,334.19 3 0
github.com/dishflow/backend/internal/handler/shopping.go:334.19,337.3 2 0
github.com/dishflow/backend/internal/handler/shopping.go:339.2,341.16 3 0
github.com/dishflow/backend/internal/handler/shopping.go:341.16,344.3 2 0
github.com/dishflow/backend/internal/handler/shopping.go:346.2,348.16 3 0
github.com/dishflow/backend/internal/handler/shopping.go:348.16,351.3 2 0
github.com/dishflow/backend/internal/handler/shopping.go:354.2,355.30 2 0
github.com/dishflow/backend/internal/handler/shopping.go:355.30,358.3 2 0
github.com/dishflow/backend/internal/handler/shopping.go:359.2,359.16 1 0
github.com/dishflow/backend/internal/handler/shopping.go:359.16,362.3 2 0
github.com/dishflow/backend/internal/handler/shopping.go:364.2,365.63 2 0
github.com/dishflow/backend/internal/handler/shopping.go:365.63,368.3 2 0
github.com/dishflow/backend/internal/handler/shopping.go:370.2,370.41 1 0
github.com/dishflow/backend/internal/handler/shopping.go:370.41,371.50 1 0
github.com/dishflow/backend/internal/handler/shopping.go:371.50,374.4 2 0
github.com/dishflow/backend/internal/handler/shopping.go:375.3,376.9 2 0
github.com/dishflow/backend/internal/handler/shopping.go:379.2,380.30 2 0
github.com/dishflow/backend/internal/handler/shopping.go:380.30,383.3 2 0
github.com/dishflow/backend/internal/handler/shopping.go:384.2,384.16 1 0
github.com/dishflow/backend/internal/handler/shopping.go:384.16,387.3 2 0
github.com/dishflow/backend/internal/handler/shopping.go:389.2,389.22 1 0
github.com/dishflow/backend/internal/handler/shopping.go:393.85,396.19 3 0
github.com/dishflow/backend/internal/handler/shopping.go:396.19,399.3 2 0
github.com/dishflow/backend/internal/handler/shopping.go:401.2,403.16 3 0
github.com/dishflow/backend/internal/handler/shopping.go:403.16,406.3 2 0
github.com/dishflow/backend/internal/handler/shopping.go:408.2,410.16 3 0
github.com/dishflow/backend/internal/handler/shopping.go:410.16,413.3 2 0
github.com/dishflow/backend/internal/handler/shopping.go:416.2,417.30 2 0
github.com/dishflow/backend/internal/handler/shopping.go:417.30,420.3 2 0
github.com/dishflow/backend/internal/handler/shopping.go:421.2,421.16 1 0
github.com/dishflow/backend/internal/handler/shopping.go:421.16,424.3 2 0
github.com/dishflow/backend/internal/handler/shopping.go:426.2,427.30 2 0
github.com/dishflow/backend/internal/handler/shopping.go:427.30,430.3 2 0
github.com/dishflow/backend/internal/handler/shopping.go:431.2,431.16 1 0
github.com/dishflow/backend/internal/handler/shopping.go:431.16,434.3 2 0
github.com/dishflow/backend/internal/handler/shopping.go:436.2,436.22 1 0
github.com/dishflow/backend/internal/handler/shopping.go:440.78,443.19 3 0
github.com/dishflow/backend/internal/handler/shopping.go:443.19,446.3 2 0
github.com/dishflow/backend/internal/handler/shopping.go:448.2,450.16 3 0
github.com/dishflow/backend/internal/handler/shopping.go:450.16,453.3 2 0
github.com/dishflow/backend/internal/handler/shopping.go:455.2,457.16 3 0
github.com/dishflow/backend/internal/handler/shopping.go:457.16,460.3 2 0
github.com/dishflow/backend/internal/handler/shopping.go:463.2,464.30 2 0
github.com/dishflow/backend/internal/handler/shopping.go:464.30,467.3 2 0
github.com/dishflow/backend/internal/handler/shopping.go:468.2,468.16 1 0
github.com/dishflow/backend/internal/handler/shopping.go:468.16,471.3 2 0
github.com/dishflow/backend/internal/handler/shopping.go:473.2,474.30 2 0
github.com/dishflow/backend/internal/handler/shopping.go:474.30,477.3 2 0
github.com/dishflow/backend/internal/handler/shopping.go:478.2,478.16 1 0
github.com/dishflow/backend/internal/handler/shopping.go:478.16,481.3 2 0
github.com/dishflow/backend/internal/handler/shopping.go:483.2,483.23 1 0
github.com/dishflow/backend/internal/handler/shopping.go:487.81,490.19 3 0
github.com/dishflow/backend/internal/handler/shopping.go:490.19,493.3 2 0
github.com/dishflow/backend/internal/handler/shopping.go:495.2,497.16 3 0
github.com/dishflow/backend/internal/handler/shopping.go:497.16,500.3 2 0
github.com/dishflow/backend/internal/handler/shopping.go:503.2,504.30 2 0
github.com/dishflow/backend/internal/handler/shopping.go:504.30,507.3 2 0
github.com/dishflow/backend/internal/handler/shopping.go:508.2,508.16 1 0
github.com/dishflow/backend/internal/handler/shopping.go:508.16,511.3 2 0
github.com/dishflow/backend/internal/handler/shopping.go:513.2,517.61 2 0
github.com/dishflow/backend/internal/handler/shopping.go:517.61,520.3 2 0
github.com/dishflow/backend/internal/handler/shopping.go:523.2,524.30 2 0
github.com/dishflow/backend/internal/handler/shopping.go:524.30,527.3 2 0
github.com/dishflow/backend/internal/handler/shopping.go:528.2,528.16 1 0
github.com/dishflow/backend/internal/handler/shopping.go:528.16,531.3 2 0
github.com/dishflow/backend/internal/handler/shopping.go:534.2,537.48 3 0
github.com/dishflow/backend/internal/handler/shopping.go:537.48,539.31 1 0
github.com/dishflow/backend/internal/handler/shopping.go:539.31,541.41 2 0
github.com/dishflow/backend/internal/handler/shopping.go:541.41,543.87 1 0
github.com/dishflow/backend/internal/handler/shopping.go:543.87,545.11 2 0
github.com/dishflow/backend/internal/handler/shopping.go:548.4,548.14 1 0
github.com/dishflow/backend/internal/handler/shopping.go:548.14,549.13 1 0
github.com/dishflow/backend/internal/handler/shopping.go:553.3,565.17 5 0
github.com/dishflow/backend/internal/handler/shopping.go:565.17,574.18 5 0
github.com/dishflow/backend/internal/handler/shopping.go:574.18,577.13 3 0
github.com/dishflow/backend/internal/handler/shopping.go:580.3,580.40 1 0
github.com/dishflow/backend/internal/handler/shopping.go:583.2,587.4 1 0
github.com/dishflow/backend/internal/handler/shopping.go:591.88,595.24 3 0
github.com/dishflow/backend/internal/handler/shopping.go:595.24,598.3 2 0
github.com/dishflow/backend/internal/handler/shopping.go:600.2,602.16 3 0
github.com/dishflow/backend/internal/handler/shopping.go:602.16,605.3 2 0
github.com/dishflow/backend/internal/handler/shopping.go:607.2,610.61 2 0
github.com/dishflow/backend/internal/handler/shopping.go:610.61,613.3 2 0
github.com/dishflow/backend/internal/handler/shopping.go:616.2,617.16 2 0
github.com/dishflow/backend/internal/handler/shopping.go:617.16,620.3 2 0
github.com/dishflow/backend/internal/handler/shopping.go:623.2,624.30 2 0
github.com/dishflow/backend/internal/handler/shopping.go:624.30,627.3 2 0
github.com/dishflow/backend/internal/handler/shopping.go:630.2,636.41 3 0
github.com/dishflow/backend/internal/handler/shopping.go:636.41,649.3 4 0
github.com/dishflow/backend/internal/handler/shopping.go:652.2,653.16 2 0
github.com/dishflow/backend/internal/handler/shopping.go:653.16,656.3 2 0
github.com/dishflow/backend/internal/handler/shopping.go:658.2,661.4 1 0
github.com/dishflow/backend/internal/handler/shopping.go:665.80,668.19 3 0
github.com/dishflow/backend/internal/handler/shopping.go:668.19,671.3 2 0
github.com/dishflow/backend/internal/handler/shopping.go:673.2,675.16 3 0
github.com/dishflow/backend/internal/handler/shopping.go:675.16,678.3 2 0
github.com/dishflow/backend/internal/handler/shopping.go:681.2,682.30 2 0
github.com/dishflow/backend/internal/handler/shopping.go:682.30,685.3 2 0
github.com/dishflow/backend/internal/handler/shopping.go:686.2,686.16 1 0
github.com/dishflow/backend/internal/handler/shopping.go:686.16,689.3 2 0
github.com/dishflow/backend/internal/handler/shopping.go:691.2,692.16 2 0
github.com/dishflow/backend/internal/handler/shopping.go:692.16,695.3 2 0
github.com/dishflow/backend/internal/handler/shopping.go:697.2,697.23 1 0
github.com/dishflow/backend/internal/handler/shopping.go:701.79,704.19 3 0
github.com/dishflow/backend/internal/handler/shopping.go:704.19,707.3 2 0
github.com/dishflow/backend/internal/handler/shopping.go:709.2,709.24 1 0
github.com/dishflow/backend/internal/handler/shopping.go:709.24,712.3 2 0
github.com/dishflow/backend/internal/handler/shopping.go:714.2,716.16 3 0
github.com/dishflow/backend/internal/handler/shopping.go:716.16,719.3 2 0
github.com/dishflow/backend/internal/handler/shopping.go:722.2,723.30 2 0
github.com/dishflow/backend/internal/handler/shopping.go:723.30,726.3 2 0
github.com/dishflow/backend/internal/handler/shopping.go:727.2,727.16 1 0
github.com/dishflow/backend/internal/handler/shopping.go:727.16,730.3 2 0
github.com/dishflow/backend/internal/handler/shopping.go:733.2,734.16 2 0
github.com/dishflow/backend/internal/handler/shopping.go:734.16,738.3 2 0
github.com/dishflow/backend/internal/handler/shopping.go:740.2,740.26 1 0
github.com/dishflow/backend/internal/handler/sync.go:19.61,21.2 1 0
github.com/dishflow/backend/internal/handler/sync.go:24.68,27.19 3 0
github.com/dishflow/backend/internal/handler/sync.go:27.19,30.3 2 0
github.com/dishflow/backend/internal/handler/sync.go:32.2,33.61 2 0
github.com/dishflow/backend/internal/handler/sync.go:33.61,36.3 2 0
github.com/dishflow/backend/internal/handler/sync.go:39.2,40.16 2 0
github.com/dishflow/backend/internal/handler/sync.go:40.16,43.3 2 0
github.com/dishflow/backend/internal/handler/sync.go:45.2,45.22 1 0
github.com/dishflow/backend/internal/handler/video.go:37.17,45.2 1 1
github.com/dishflow/backend/internal/handler/video.go:48.72,50.19 2 1
github.com/dishflow/backend/internal/handler/video.go:50.19,53.3 2 0
github.com/dishflow/backend/internal/handler/video.go:55.2,56.61 2 1
github.com/dishflow/backend/internal/handler/video.go:56.61,59.3 2 0
github.com/dishflow/backend/internal/handler/video.go:61.2,61.24 1 1
github.com/dishflow/backend/internal/handler/video.go:61.24,64.3 2 0
github.com/dishflow/backend/internal/handler/video.go:67.2,70.59 3 1
github.com/dishflow/backend/internal/handler/video.go:70.59,74.3 3 0
github.com/dishflow/backend/internal/handler/video.go:77.2,79.41 2 1
github.com/dishflow/backend/internal/handler/video.go:83.71,85.19 2 0
github.com/dishflow/backend/internal/handler/video.go:85.19,88.3 2 0
github.com/dishflow/backend/internal/handler/video.go:90.2,92.16 3 0
github.com/dishflow/backend/internal/handler/video.go:92.16,95.3 2 0
github.com/dishflow/backend/internal/handler/video.go:97.2,98.16 2 0
github.com/dishflow/backend/internal/handler/video.go:98.16,99.37 1 0
github.com/dishflow/backend/internal/handler/video.go:99.37,102.4 2 0
github.com/dishflow/backend/internal/handler/video.go:103.3,104.9 2 0
github.com/dishflow/backend/internal/handler/video.go:107.2,107.33 1 0
github.com/dishflow/backend/internal/handler/video.go:107.33,110.3 2 0
github.com/dishflow/backend/internal/handler/video.go:113.2,114.73 2 0
github.com/dishflow/backend/internal/handler/video.go:114.73,116.3 1 0
github.com/dishflow/backend/internal/handler/video.go:118.2,120.22 3 0
github.com/dishflow/backend/internal/handler/video.go:124.78,128.75 2 1
github.com/dishflow/backend/internal/handler/video.go:128.75,129.85 1 1
github.com/dishflow/backend/internal/handler/video.go:129.85,131.4 1 0
github.com/dishflow/backend/internal/handler/video.go:135.2,135.36 1 1
github.com/dishflow/backend/internal/handler/video.go:135.36,136.69 1 0
github.com/dishflow/backend/internal/handler/video.go:136.69,138.4 1 0
github.com/dishflow/backend/internal/handler/video.go:141.2,145.16 3 1
github.com/dishflow/backend/internal/handler/video.go:145.16,149.3 3 0
github.com/dishflow/backend/internal/handler/video.go:150.2,150.15 1 1
github.com/dishflow/backend/internal/handler/video.go:150.15,151.57 1 1
github.com/dishflow/backend/internal/handler/video.go:151.57,153.4 1 0
github.com/dishflow/backend/internal/handler/video.go:155.3,155.26 1 1
github.com/dishflow/backend/internal/handler/video.go:155.26,156.62 1 0
github.com/dishflow/backend/internal/handler/video.go:156.62,158.5 1 0
github.com/dishflow/backend/internal/handler/video.go:164.2,167.115 3 1
github.com/dishflow/backend/internal/handler/video.go:167.115,169.3 1 0
github.com/dishflow/backend/internal/handler/video.go:170.2,170.16 1 1
github.com/dishflow/backend/internal/handler/video.go:170.16,174.3 3 0
github.com/dishflow/backend/internal/handler/video.go:177.2,179.16 3 1
github.com/dishflow/backend/internal/handler/video.go:179.16,182.3 1 0
github.com/dishflow/backend/internal/handler/video.go:182.8,185.3 2 1
github.com/dishflow/backend/internal/handler/video.go:188.2,192.25 3 1
github.com/dishflow/backend/internal/handler/video.go:192.25,194.17 2 0
github.com/dishflow/backend/internal/handler/video.go:194.17,199.4 3 0
github.com/dishflow/backend/internal/handler/video.go:199.9,201.4 1 0
github.com/dishflow/backend/internal/handler/video.go:204.2,222.16 3 1
github.com/dishflow/backend/internal/handler/video.go:222.16,225.3 2 0
github.com/dishflow/backend/internal/handler/video.go:226.2,229.41 2 1
github.com/dishflow/backend/internal/handler/video.go:229.41,249.25 5 0
github.com/dishflow/backend/internal/handler/video.go:249.25,250.68 1 0
github.com/dishflow/backend/internal/handler/video.go:250.68,252.5 1 0
github.com/dishflow/backend/internal/handler/video.go:255.3,255.60 1 0
github.com/dishflow/backend/internal/handler/video.go:259.2,259.36 1 1
github.com/dishflow/backend/internal/handler/video.go:259.36,279.3 7 0
github.com/dishflow/backend/internal/handler/video.go:281.2,281.57 1 1
github.com/dishflow/backend/internal/handler/video.go:281.57,285.3 3 0
github.com/dishflow/backend/internal/handler/video.go:288.2,288.71 1 1
github.com/dishflow/backend/internal/handler/video.go:288.71,290.3 1 0
github.com/dishflow/backend/internal/handler/video.go:294.74,296.19 2 0
github.com/dishflow/backend/internal/handler/video.go:296.19,299.3 2 0
github.com/dishflow/backend/internal/handler/video.go:301.2,303.16 3 0
github.com/dishflow/backend/internal/handler/video.go:303.16,306.3 2 0
github.com/dishflow/backend/internal/handler/video.go:309.2,310.16 2 0
github.com/dishflow/backend/internal/handler/video.go:310.16,311.37 1 0
github.com/dishflow/backend/internal/handler/video.go:311.37,314.4 2 0
github.com/dishflow/backend/internal/handler/video.go:315.3,316.9 2 0
github.com/dishflow/backend/internal/handler/video.go:318.2,318.33 1 0
github.com/dishflow/backend/internal/handler/video.go:318.33,321.3 2 0
github.com/dishflow/backend/internal/handler/video.go:323.2,323.65 1 0
github.com/dishflow/backend/internal/handler/video.go:323.65,326.3 2 0
github.com/dishflow/backend/internal/handler/video.go:328.2,328.23 1 0
github.com/dishflow/backend/internal/handler/video.go:332.73,334.19 2 0
github.com/dishflow/backend/internal/handler/video.go:334.19,337.3 2 0
github.com/dishflow/backend/internal/handler/video.go:339.2,340.16 2 0
github.com/dishflow/backend/internal/handler/video.go:340.16,343.3 2 0
github.com/dishflow/backend/internal/handler/video.go:345.2,345.17 1 0
github.com/dishflow/backend/internal/handler/video.go:345.17,347.3 1 0
github.com/dishflow/backend/internal/handler/video.go:350.2,351.27 2 0
github.com/dishflow/backend/internal/handler/video.go:351.27,355.74 2 0
github.com/dishflow/backend/internal/handler/video.go:355.74,356.89 1 0
github.com/dishflow/backend/internal/handler/video.go:356.89,358.5 1 0
github.com/dishflow/backend/internal/handler/video.go:361.3,361.31 1 0
github.com/dishflow/backend/internal/handler/video.go:364.2,364.22 1 0
